2019-10-07 14:52:57 : Get posted data
2019-10-07 14:52:57 : PayFast Data: Array
(
    [m_payment_id] => 13
    [pf_payment_id] => 902802
    [payment_status] => COMPLETE
    [item_name] => #Voucher - R500.00
    [item_description] => Voucher - 500.00
    [amount_gross] => 500.00
    [amount_fee] => -11.50
    [amount_net] => 488.50
    [custom_str1] => 13_021 111 1313
    [custom_str2] => 
    [custom_str3] => 
    [custom_str4] => 
    [custom_str5] => 
    [custom_int1] => 
    [custom_int2] => 
    [custom_int3] => 
    [custom_int4] => 
    [custom_int5] => 
    [name_first] => Michele
    [name_last] => 
    [email_address] => michele@jnz.co.za
    [merchant_id] => 10004002
    [signature] => 49a2a7b1044fed3e4251b3e9401b253e
)

2019-10-07 14:52:57 : Verify security signature
2019-10-07 14:52:57 : Signature = valid
